<?xml version="1.0" encoding="UTF-8"?>
<testsuite name="TestSuite" time="4.6" tests="1" errors="0" skipped="0" failures="0">
  <properties>
    <property name="JOB_NAME" value="inetBankingV1_Maven"/>
    <property name="java.vendor" value="Oracle Corporation"/>
    <property name="ANDROID_SDK_HOME" value="C:\Android"/>
    <property name="sun.java.launcher" value="SUN_STANDARD"/>
    <property name="RUN_TESTS_DISPLAY_URL" value="http://localhost:8080/job/inetBankingV1_Maven/8/display/redirect?page=tests"/>
    <property name="NUMBER_OF_PROCESSORS" value="4"/>
    <property name="sun.management.compiler" value="HotSpot 64-Bit Tiered Compilers"/>
    <property name="JENKINS_HOME" value="C:\Users\Babu\.jenkins"/>
    <property name="HUDSON_SERVER_COOKIE" value="70d2ddabbe3b8c7a"/>
    <property name="POM_ARTIFACTID" value="inetBankingV1"/>
    <property name="os.name" value="Windows 10"/>
    <property name="EXECUTOR_NUMBER" value="1"/>
    <property name="PATHEXT" value=".COM;.EXE;.BAT;.CMD;.VBS;.VBE;.JS;.JSE;.WSF;.WSH;.MSC"/>
    <property name="POM_DISPLAYNAME" value="inetBankingV1"/>
    <property name="java.vm.specification.vendor" value="Oracle Corporation"/>
    <property name="TEMP" value="C:\Users\Babu\AppData\Local\Temp"/>
    <property name="NODE_LABELS" value="master"/>
    <property name="java.runtime.version" value="14.0.1+7"/>
    <property name="user.name" value="Babu"/>
    <property name="guice.disable.misplaced.annotation.check" value="true"/>
    <property name="CommonProgramW6432" value="C:\Program Files\Common Files"/>
    <property name="ProgramFiles" value="C:\Program Files (x86)"/>
    <property name="PROMPT" value="$P$G"/>
    <property name="user.language" value="en"/>
    <property name="JOB_BASE_NAME" value="inetBankingV1_Maven"/>
    <property name="RUN_CHANGES_DISPLAY_URL" value="http://localhost:8080/job/inetBankingV1_Maven/8/display/redirect?page=changes"/>
    <property name="BUILD_DISPLAY_NAME" value="#8"/>
    <property name="OneDrive" value="C:\Users\Babu\OneDrive"/>
    <property name="sun.boot.library.path" value="C:\Program Files\Java\jdk-14.0.1\bin"/>
    <property name="java.vm.compressedOopsMode" value="Zero based"/>
    <property name="LOCALAPPDATA" value="C:\Users\Babu\AppData\Local"/>
    <property name="java.version" value="14.0.1"/>
    <property name="user.timezone" value="Asia/Calcutta"/>
    <property name="PROCESSOR_LEVEL" value="6"/>
    <property name="USERNAME" value="Babu"/>
    <property name="sun.arch.data.model" value="64"/>
    <property name="PROCESSOR_ARCHITEW6432" value="AMD64"/>
    <property name="NODE_NAME" value="master"/>
    <property name="BUILD_ID" value="8"/>
    <property name="sun.cpu.isalist" value="amd64"/>
    <property name="sun.jnu.encoding" value="Cp1252"/>
    <property name="maven.conf" value="D:\apache-maven-3.6.3\conf"/>
    <property name="HOMEDRIVE" value="C:"/>
    <property name="file.separator" value="\"/>
    <property name="java.specification.name" value="Java Platform API Specification"/>
    <property name="java.class.version" value="58.0"/>
    <property name="org.slf4j.simpleLogger.defaultLogLevel" value="info"/>
    <property name="user.country" value="IN"/>
    <property name="ALLUSERSPROFILE" value="C:\ProgramData"/>
    <property name="java.home" value="C:\Program Files\Java\jdk-14.0.1"/>
    <property name="java.vm.info" value="mixed mode, sharing"/>
    <property name="os.version" value="10.0"/>
    <property name="=ExitCode" value="00000082"/>
    <property name="RUN_DISPLAY_URL" value="http://localhost:8080/job/inetBankingV1_Maven/8/display/redirect"/>
    <property name="POM_VERSION" value="0.0.1-SNAPSHOT"/>
    <property name="TMP" value="C:\Users\Babu\AppData\Local\Temp"/>
    <property name="path.separator" value=";"/>
    <property name="RUN_ARTIFACTS_DISPLAY_URL" value="http://localhost:8080/job/inetBankingV1_Maven/8/display/redirect?page=artifacts"/>
    <property name="java.vm.version" value="14.0.1+7"/>
    <property name="user.variant" value=""/>
    <property name="CommonProgramFiles(x86)" value="C:\Program Files (x86)\Common Files"/>
    <property name="JOB_DISPLAY_URL" value="http://localhost:8080/job/inetBankingV1_Maven/display/redirect"/>
    <property name="USERDOMAIN_ROAMINGPROFILE" value="DESKTOP-N7L2HKG"/>
    <property name="CommonProgramFiles" value="C:\Program Files (x86)\Common Files"/>
    <property name="sun.io.unicode.encoding" value="UnicodeLittle"/>
    <property name="JAVA_HOME" value="C:\Program Files\Java\jdk-14.0.1"/>
    <property name="ComSpec" value="C:\Windows\system32\cmd.exe"/>
    <property name="HOMEPATH" value="\Users\Babu"/>
    <property name="POM_PACKAGING" value="jar"/>
    <property name="GOOGLE_API_KEY" value="no"/>
    <property name="COMPUTERNAME" value="DESKTOP-N7L2HKG"/>
    <property name="user.script" value=""/>
    <property name="GOOGLE_DEFAULT_CLIENT_SECRET" value="no"/>
    <property name="VBOX_MSI_INSTALL_PATH" value="C:\Program Files\Oracle\VirtualBox\"/>
    <property name="POM_GROUPID" value="inetBankingV1"/>
    <property name="user.home" value="C:\Users\Babu"/>
    <property name="PUBLIC" value="C:\Users\Public"/>
    <property name="BUILD_TAG" value="jenkins-inetBankingV1_Maven-8"/>
    <property name="JENKINS_SERVER_COOKIE" value="70d2ddabbe3b8c7a"/>
    <property name="HUDSON_URL" value="http://localhost:8080/"/>
    <property name="ProgramData" value="C:\ProgramData"/>
    <property name="java.version.date" value="2020-04-14"/>
    <property name="java.specification.vendor" value="Oracle Corporation"/>
    <property name="USERPROFILE" value="C:\Users\Babu"/>
    <property name="CLASSPATH" value=""/>
    <property name="java.library.path" value="C:\Program Files\Java\jdk-14.0.1\bin;C:\Windows\Sun\Java\bin;C:\Windows\system32;C:\Windows;D:\apache-maven-3.6.3/bin;C:\Program Files\Java\jdk-14.0.1/bin;C:\Program Files\Java\jdk-14.0.1/bin;C:\Program Files (x86)\Common Files\Oracle\Java\javapath;C:\Windows\system32;C:\Windows;C:\Windows\System32\Wbem;C:\Windows\System32\WindowsPowerShell\v1.0\;C:\Windows\System32\OpenSSH\;C:\Android;C:\Windows\System32;C:\Users\Babu\AppData\Local\Microsoft\WindowsApps;C:\adb;C:\Program Files\Git\cmd;C:\Program Files\nodejs\;C:\apache-maven-3.8.2\bin;D:\apache-maven-3.6.3\bin;C:\Users\Babu\AppData\Roaming\npm;C:\Users\Babu\AppData\Local\Programs\Microsoft VS Code\bin;."/>
    <property name="java.vendor.url" value="https://java.oracle.com/"/>
    <property name="java.vm.vendor" value="Oracle Corporation"/>
    <property name="APPDATA" value="C:\Users\Babu\AppData\Roaming"/>
    <property name="java.runtime.name" value="Java(TM) SE Runtime Environment"/>
    <property name="maven.home" value="D:\apache-maven-3.6.3"/>
    <property name="java.class.path" value="C:\Users\Babu\.jenkins\plugins\maven-plugin\WEB-INF\lib\maven35-agent-1.13.jar;D:\apache-maven-3.6.3\boot\plexus-classworlds-2.6.0.jar;D:\apache-maven-3.6.3/conf/logging"/>
    <property name="sun.java.command" value="jenkins.maven3.agent.Maven35Main D:\apache-maven-3.6.3 C:\Users\Babu\.jenkins\war\WEB-INF\lib\remoting-4.5.jar C:\Users\Babu\.jenkins\plugins\maven-plugin\WEB-INF\lib\maven35-interceptor-1.13.jar C:\Users\Babu\.jenkins\plugins\maven-plugin\WEB-INF\lib\maven3-interceptor-commons-1.13.jar 60915"/>
    <property name="Path" value="C:\Program Files\Java\jdk-14.0.1/bin;C:\Program Files (x86)\Common Files\Oracle\Java\javapath;C:\Windows\system32;C:\Windows;C:\Windows\System32\Wbem;C:\Windows\System32\WindowsPowerShell\v1.0\;C:\Windows\System32\OpenSSH\;C:\Android;C:\Windows\System32;C:\Users\Babu\AppData\Local\Microsoft\WindowsApps;C:\adb;C:\Program Files\Git\cmd;C:\Program Files\nodejs\;C:\apache-maven-3.8.2\bin;D:\apache-maven-3.6.3\bin;C:\Users\Babu\AppData\Roaming\npm;C:\Users\Babu\AppData\Local\Programs\Microsoft VS Code\bin"/>
    <property name="jdk.debug" value="release"/>
    <property name="PROCESSOR_ARCHITECTURE" value="x86"/>
    <property name="java.vm.specification.name" value="Java Virtual Machine Specification"/>
    <property name="PATH+JDK" value="C:\Program Files\Java\jdk-14.0.1/bin"/>
    <property name="PROCESSOR_IDENTIFIER" value="Intel64 Family 6 Model 78 Stepping 3, GenuineIntel"/>
    <property name="java.vm.specification.version" value="14"/>
    <property name="NODE_HOME" value="C:\Program Files\nodejs"/>
    <property name="M2_HOME" value="D:\apache-maven-3.6.3"/>
    <property name="sun.cpu.endian" value="little"/>
    <property name="sun.os.patch.level" value=""/>
    <property name="OS" value="Windows_NT"/>
    <property name="java.io.tmpdir" value="C:\Users\Babu\AppData\Local\Temp\"/>
    <property name="HUDSON_HOME" value="C:\Users\Babu\.jenkins"/>
    <property name="PATH+MAVEN" value="D:\apache-maven-3.6.3/bin"/>
    <property name="ProgramFiles(x86)" value="C:\Program Files (x86)"/>
    <property name="java.vendor.url.bug" value="https://bugreport.java.com/bugreport/"/>
    <property name="BUILD_URL" value="http://localhost:8080/job/inetBankingV1_Maven/8/"/>
    <property name="SystemRoot" value="C:\Windows"/>
    <property name="os.arch" value="amd64"/>
    <property name="user.dir" value="C:\Users\Babu\Desktop\New Selenium\inetBankingV1"/>
    <property name="JOB_URL" value="http://localhost:8080/job/inetBankingV1_Maven/"/>
    <property name="LOGONSERVER" value="\\DESKTOP-N7L2HKG"/>
    <property name="GOOGLE_DEFAULT_CLIENT_ID" value="no"/>
    <property name="USERDOMAIN" value="DESKTOP-N7L2HKG"/>
    <property name="MAVEN_HOME" value="D:\apache-maven-3.6.3"/>
    <property name="line.separator" value="&#10;"/>
    <property name="java.vm.name" value="Java HotSpot(TM) 64-Bit Server VM"/>
    <property name="BUILD_NUMBER" value="8"/>
    <property name="PROCESSOR_REVISION" value="4e03"/>
    <property name="JENKINS_URL" value="http://localhost:8080/"/>
    <property name="ProgramW6432" value="C:\Program Files"/>
    <property name="windir" value="C:\Windows"/>
    <property name="=C:" value="c:\Users\Babu\Downloads"/>
    <property name="file.encoding" value="Cp1252"/>
    <property name="SystemDrive" value="C:"/>
    <property name="maven3.interceptor" value="C:\Users\Babu\.jenkins\plugins\maven-plugin\WEB-INF\lib\maven35-interceptor-1.13.jar"/>
    <property name="WORKSPACE_TMP" value="C:\Users\Babu\.jenkins\workspace\inetBankingV1_Maven@tmp"/>
    <property name="WORKSPACE" value="C:\Users\Babu\.jenkins\workspace\inetBankingV1_Maven"/>
    <property name="maven3.interceptor.common" value="C:\Users\Babu\.jenkins\plugins\maven-plugin\WEB-INF\lib\maven3-interceptor-commons-1.13.jar"/>
    <property name="PSModulePath" value="C:\Program Files\WindowsPowerShell\Modules;C:\Windows\system32\WindowsPowerShell\v1.0\Modules"/>
    <property name="java.specification.version" value="14"/>
    <property name="DriverData" value="C:\Windows\System32\Drivers\DriverData"/>
  </properties>
  <testcase name="loginTest" classname="com.inetBanking.testCases.TC_LoginTest_001" time="4.6"/>
</testsuite>